#
# A fatal error has been detected by the Java Runtime Environment:
#
#  EXCEPTION_ACCESS_VIOLATION (0xc0000005) at pc=0x00000000642419ea, pid=51888, tid=0x0000000000004b58
#
# JRE version: OpenJDK Runtime Environment (8.0_202-b03) (build 1.8.0_202-release-1483-b03)
# Java VM: OpenJDK 64-Bit Server VM (25.202-b03 mixed mode windows-amd64 compressed oops)
# Problematic frame:
# V  [jvm.dll+0x3d19ea]
#
# Failed to write core dump. Minidumps are not enabled by default on client versions of Windows
#
# If you would like to submit a bug report, please visit:
#   http://bugreport.java.com/bugreport/crash.jsp
#

---------------  T H R E A D  ---------------

Current thread (0x000000000341c800):  GCTaskThread [stack: 0x00000000130d0000,0x00000000131d0000] [id=19288]

siginfo: ExceptionCode=0xc0000005, reading address 0x0000000000000168

Registers:
RAX=0x0000000000000000, RBX=0x00000000131cf4c0, RCX=0x0000000100714090, RDX=0x00000000131cf4d0
RSP=0x00000000131cf410, RBP=0x0000000000000000, RSI=0x00000000131cf4c0, RDI=0x000000000341eb90
R8 =0x0000000100714090, R9 =0x0000000000000005, R10=0x00000000200003bf, R11=0x00000000ed25b758
R12=0x00000000131cf490, R13=0x000000000340dc90, R14=0x000000000341cff0, R15=0x000000000341d000
RIP=0x00000000642419ea, EFLAGS=0x0000000000010246

Top of Stack: (sp=0x00000000131cf410)
0x00000000131cf410:   00000000131cf4c0 0000000000000000
0x00000000131cf420:   0000000000000000 000000001fe55290
0x00000000131cf430:   0000000100714090 0000000063eaef3c
0x00000000131cf440:   0000000000000000 0000000000000000
0x00000000131cf450:   000000000341eb90 00000000131cf4c0
0x00000000131cf460:   0000000064489290 0000000064241bf3
0x00000000131cf470:   000000001e2f8430 00000000131cf4f0
0x00000000131cf480:   0000000000000000 00000000034eb600
0x00000000131cf490:   00000000644893b0 0000000064241d00
0x00000000131cf4a0:   00000000034eb600 00000000644895c8
0x00000000131cf4b0:   0000000000000000 00000000034eb600
0x00000000131cf4c0:   00000000644895b8 0000000003412400
0x00000000131cf4d0:   0000000064489520 0000000064230000
0x00000000131cf4e0:   00000000034eb600 0000000100714090
0x00000000131cf4f0:   000000001e2f8430 000000000341c800
0x00000000131cf500:   0000000000000000 0000000064230d9e 

Instructions: (pc=0x00000000642419ea)
0x00000000642419ca:   00 00 01 4c 8b c2 48 8b d9 75 23 c6 82 b4 00 00
0x00000000642419da:   00 00 48 89 51 28 48 8b 02 48 8d 51 10 49 8b c8
0x00000000642419ea:   ff 90 68 01 00 00 48 c7 43 28 00 00 00 00 48 83
0x00000000642419fa:   c4 20 5b c3 cc cc 48 89 5c 24 08 57 48 83 ec 40 


Register to memory mapping:

RAX=0x0000000000000000 is an unknown value
RBX=0x00000000131cf4c0 is an unknown value
RCX=0x0000000100714090 is pointing into metadata
RDX=0x00000000131cf4d0 is an unknown value
RSP=0x00000000131cf410 is an unknown value
RBP=0x0000000000000000 is an unknown value
RSI=0x00000000131cf4c0 is an unknown value
RDI=0x000000000341eb90 is an unknown value
R8 =0x0000000100714090 is pointing into metadata
R9 =0x0000000000000005 is an unknown value
R10=0x00000000200003bf is an unknown value
R11=0x00000000ed25b758 is an oop
java.lang.Class 
 - klass: 'java/lang/Class'
R12=0x00000000131cf490 is an unknown value
R13=0x000000000340dc90 is an unknown value
R14=0x000000000341cff0 is an unknown value
R15=0x000000000341d000 is an unknown value


Stack: [0x00000000130d0000,0x00000000131d0000],  sp=0x00000000131cf410,  free space=1021k
Native frames: (J=compiled Java code, j=interpreted, Vv=VM code, C=native code)


---------------  P R O C E S S  ---------------

Java Threads: ( => current thread )
  0x000000001d629800 JavaThread "Cache worker for Build Output Cleanup Cache (D:\zhuke\xiangmu\jinhuazhilu\camera_simple\.gradle\buildOutputCleanup)" [_thread_blocked, id=55464, stack(0x0000000045160000,0x0000000045260000)]
  0x000000001d629000 JavaThread "Build operations Thread 4" [_thread_blocked, id=25528, stack(0x0000000045060000,0x0000000045160000)]
  0x000000001d628000 JavaThread "Build operations Thread 3" [_thread_blocked, id=47356, stack(0x0000000044f60000,0x0000000045060000)]
  0x000000001d627800 JavaThread "Build operations Thread 2" [_thread_blocked, id=41980, stack(0x0000000044e60000,0x0000000044f60000)]
  0x000000001d620000 JavaThread "Build operations" [_thread_blocked, id=8856, stack(0x0000000044d60000,0x0000000044e60000)]
  0x000000001d61f000 JavaThread "Cache worker for cache directory md-rule (C:\Users\Administrator\.gradle\caches\5.4.1\md-rule)" [_thread_blocked, id=54476, stack(0x0000000044c60000,0x0000000044d60000)]
  0x000000001d626000 JavaThread "Cache worker for cache directory md-supplier (C:\Users\Administrator\.gradle\caches\5.4.1\md-supplier)" [_thread_blocked, id=56292, stack(0x0000000044b60000,0x0000000044c60000)]
  0x000000001d61e800 JavaThread "Cache worker for file hash cache (D:\zhuke\xiangmu\jinhuazhilu\camera_simple\.gradle\5.4.1\fileHashes)" [_thread_blocked, id=32604, stack(0x0000000044a60000,0x0000000044b60000)]
  0x000000001d625000 JavaThread "Thread-423" [_thread_blocked, id=9676, stack(0x0000000044960000,0x0000000044a60000)]
  0x000000001d623000 JavaThread "Stdin handler" [_thread_blocked, id=56004, stack(0x0000000044860000,0x0000000044960000)]
  0x000000001d61d800 JavaThread "Asynchronous log dispatcher for DefaultDaemonConnection: socket connection from /127.0.0.1:58447 to /127.0.0.1:59440" [_thread_blocked, id=56076, stack(0x0000000044760000,0x0000000044860000)]
  0x000000001d624800 JavaThread "Daemon worker Thread 13" [_thread_blocked, id=55676, stack(0x0000000044660000,0x0000000044760000)]
  0x000000001d621800 JavaThread "Cancel handler" [_thread_blocked, id=46880, stack(0x0000000044560000,0x0000000044660000)]
  0x000000001d61b800 JavaThread "Handler for socket connection from /127.0.0.1:58447 to /127.0.0.1:59440" [_thread_in_native, id=44000, stack(0x0000000044460000,0x0000000044560000)]
  0x000000001d620800 JavaThread "Daemon Thread 13" [_thread_blocked, id=16092, stack(0x0000000044360000,0x0000000044460000)]
  0x000000001f48a800 JavaThread "Cache worker for Java compile cache (C:\Users\Administrator\.gradle\caches\5.4.1\javaCompile)" [_thread_blocked, id=54472, stack(0x00000000268d0000,0x00000000269d0000)]
  0x000000001d62a800 JavaThread "Cache worker for file content cache (C:\Users\Administrator\.gradle\caches\5.4.1\fileContent)" [_thread_blocked, id=46348, stack(0x00000000262d0000,0x00000000263d0000)]
  0x000000001d623800 JavaThread "Memory manager" [_thread_blocked, id=31220, stack(0x0000000022720000,0x0000000022820000)]
  0x000000001d622000 JavaThread "Cache worker for execution history cache (C:\Users\Administrator\.gradle\caches\5.4.1\executionHistory)" [_thread_blocked, id=54712, stack(0x0000000020ad0000,0x0000000020bd0000)]
  0x000000001973d000 JavaThread "Cache worker for journal cache (C:\Users\Administrator\.gradle\caches\journal-1)" [_thread_blocked, id=50412, stack(0x000000001b570000,0x000000001b670000)]
  0x0000000019740000 JavaThread "File lock request listener" [_thread_in_native, id=24488, stack(0x000000001b470000,0x000000001b570000)]
  0x000000001973f000 JavaThread "Cache worker for file hash cache (C:\Users\Administrator\.gradle\caches\5.4.1\fileHashes)" [_thread_blocked, id=16208, stack(0x000000001b370000,0x000000001b470000)]
  0x000000001826d800 JavaThread "Daemon periodic checks" [_thread_blocked, id=49260, stack(0x000000001a970000,0x000000001aa70000)]
  0x00000000184d1000 JavaThread "Incoming local TCP Connector on port 58447" [_thread_in_native, id=43660, stack(0x000000001a7c0000,0x000000001a8c0000)]
  0x000000001925f000 JavaThread "Daemon health stats" [_thread_blocked, id=35212, stack(0x000000001a4a0000,0x000000001a5a0000)]
  0x000000001822b800 JavaThread "Service Thread" daemon [_thread_blocked, id=23948, stack(0x0000000018ad0000,0x0000000018bd0000)]
  0x0000000016ece000 JavaThread "C1 CompilerThread2" daemon [_thread_blocked, id=32568, stack(0x00000000189d0000,0x0000000018ad0000)]
  0x0000000016ecc800 JavaThread "C2 CompilerThread1" daemon [_thread_blocked, id=6388, stack(0x00000000188d0000,0x00000000189d0000)]
  0x0000000016e7d000 JavaThread "C2 CompilerThread0" daemon [_thread_blocked, id=14380, stack(0x00000000187d0000,0x00000000188d0000)]
  0x0000000016ec8800 JavaThread "Attach Listener" daemon [_thread_blocked, id=8848, stack(0x00000000186d0000,0x00000000187d0000)]
  0x00000000181d8800 JavaThread "Signal Dispatcher" daemon [_thread_blocked, id=37188, stack(0x00000000185d0000,0x00000000186d0000)]
  0x00000000034f4000 JavaThread "Finalizer" daemon [_thread_blocked, id=43304, stack(0x00000000180d0000,0x00000000181d0000)]
  0x00000000034f1000 JavaThread "Reference Handler" daemon [_thread_blocked, id=26340, stack(0x0000000017fd0000,0x00000000180d0000)]
  0x000000000308e000 JavaThread "main" [_thread_blocked, id=47784, stack(0x0000000002ee0000,0x0000000002fe0000)]

Other Threads:
  0x0000000016e36000 VMThread [stack: 0x0000000017ed0000,0x0000000017fd0000] [id=37676]
  0x000000001822c800 WatcherThread [stack: 0x0000000018bd0000,0x0000000018cd0000] [id=55108]

=>0x000000000341c800 (exited) GCTaskThread [stack: 0x00000000130d0000,0x00000000131d0000] [id=19288]

VM state:at safepoint (normal execution)

VM Mutex/Monitor currently owned by a thread:  ([mutex/lock_event])
[0x000000000308d190] Threads_lock - owner thread: 0x0000000016e36000
[0x000000000308d890] Heap_lock - owner thread: 0x000000001d624800

heap address: 0x00000000a0000000, size: 1536 MB, Compressed Oops mode: 32-bit
Narrow klass base: 0x0000000000000000, Narrow klass shift: 3
Compressed class space size: 1073741824 Address: 0x0000000100000000

Heap:
 PSYoungGen      total 198656K, used 195173K [0x00000000e0000000, 0x00000000efa00000, 0x0000000100000000)
  eden space 151552K, 100% used [0x00000000e0000000,0x00000000e9400000,0x00000000e9400000)
  from space 47104K, 92% used [0x00000000e9900000,0x00000000ec3997b0,0x00000000ec700000)
  to   space 52224K, 28% used [0x00000000ec700000,0x00000000ed59d6f0,0x00000000efa00000)
 ParOldGen       total 124416K, used 96167K [0x00000000a0000000, 0x00000000a7980000, 0x00000000e0000000)
  object space 124416K, 77% used [0x00000000a0000000,0x00000000a5de9d48,0x00000000a7980000)
 Metaspace       used 91731K, capacity 97462K, committed 97496K, reserved 1134592K
  class space    used 11796K, capacity 12774K, committed 12800K, reserved 1048576K

Card table byte_map: [0x00000000128c0000,0x0000000012bd0000] byte_map_base: 0x00000000123c0000

Marking Bits: (ParMarkBitMap*) 0x0000000064639f30
 Begin Bits: [0x00000000131d0000, 0x00000000149d0000)
 End Bits:   [0x00000000149d0000, 0x00000000161d0000)

Polling page: 0x00000000012f0000

CodeCache: size=245760Kb used=61457Kb max_used=61499Kb free=184302Kb
 bounds [0x0000000003500000, 0x0000000007170000, 0x0000000012500000]
 total_blobs=18006 nmethods=17141 adapters=775
 compilation: enabled

Compilation events (10 events):
Event: 4733.991 Thread 0x0000000016ecc800 nmethod 22033 0x0000000007129710 code [0x00000000071298a0, 0x0000000007129c88]
Event: 4733.992 Thread 0x0000000016ece000 nmethod 22036 0x0000000007128c50 code [0x0000000007128e20, 0x0000000007129418]
Event: 4734.001 Thread 0x0000000016ece000 22037       3       java.io.Writer::<init> (22 bytes)
Event: 4734.002 Thread 0x0000000016ece000 nmethod 22037 0x0000000007125ed0 code [0x0000000007126040, 0x0000000007126308]
Event: 4734.002 Thread 0x0000000016ecc800 22038       4       com.google.gson.stream.JsonWriter::string (169 bytes)
Event: 4734.007 Thread 0x0000000016ecc800 nmethod 22038 0x00000000071317d0 code [0x0000000007131940, 0x0000000007131c38]
Event: 4735.360 Thread 0x0000000016e7d000 nmethod 22035 0x0000000007141410 code [0x0000000007142b20, 0x000000000714b1a8]
Event: 4735.811 Thread 0x0000000016ece000 22040       3       org.gradle.api.JavaVersion::isDigitOrPeriod (24 bytes)
Event: 4735.812 Thread 0x0000000016ece000 nmethod 22040 0x000000000712b510 code [0x000000000712b660, 0x000000000712b870]
Event: 4735.813 Thread 0x0000000016ece000 22041       3       org.gradle.cache.internal.DefaultCacheAccess::newCache (6 bytes)

GC Heap History (10 events):
Event: 3836.254 GC heap after
Heap after GC invocations=24 (full 3):
 PSYoungGen      total 189952K, used 16147K [0x00000000e0000000, 0x00000000f0080000, 0x0000000100000000)
  eden space 173568K, 0% used [0x00000000e0000000,0x00000000e0000000,0x00000000ea980000)
  from space 16384K, 98% used [0x00000000eaf80000,0x00000000ebf44d88,0x00000000ebf80000)
  to   space 44544K, 0% used [0x00000000ed500000,0x00000000ed500000,0x00000000f0080000)
 ParOldGen       total 124416K, used 96127K [0x00000000a0000000, 0x00000000a7980000, 0x00000000e0000000)
  object space 124416K, 77% used [0x00000000a0000000,0x00000000a5ddfd48,0x00000000a7980000)
 Metaspace       used 90122K, capacity 94596K, committed 94936K, reserved 1132544K
  class space    used 11599K, capacity 12449K, committed 12544K, reserved 1048576K
}
Event: 3847.944 GC heap before
{Heap before GC invocations=25 (full 3):
 PSYoungGen      total 189952K, used 189715K [0x00000000e0000000, 0x00000000f0080000, 0x0000000100000000)
  eden space 173568K, 100% used [0x00000000e0000000,0x00000000ea980000,0x00000000ea980000)
  from space 16384K, 98% used [0x00000000eaf80000,0x00000000ebf44d88,0x00000000ebf80000)
  to   space 44544K, 0% used [0x00000000ed500000,0x00000000ed500000,0x00000000f0080000)
 ParOldGen       total 124416K, used 96127K [0x00000000a0000000, 0x00000000a7980000, 0x00000000e0000000)
  object space 124416K, 77% used [0x00000000a0000000,0x00000000a5ddfd48,0x00000000a7980000)
 Metaspace       used 90290K, capacity 94856K, committed 95192K, reserved 1132544K
  class space    used 11599K, capacity 12449K, committed 12544K, reserved 1048576K
Event: 3848.056 GC heap after
Heap after GC invocations=25 (full 3):
 PSYoungGen      total 211968K, used 43515K [0x00000000e0000000, 0x00000000f0700000, 0x0000000100000000)
  eden space 167424K, 0% used [0x00000000e0000000,0x00000000e0000000,0x00000000ea380000)
  from space 44544K, 97% used [0x00000000ed500000,0x00000000eff7edf8,0x00000000f0080000)
  to   space 50688K, 0% used [0x00000000ea380000,0x00000000ea380000,0x00000000ed500000)
 ParOldGen       total 124416K, used 96135K [0x00000000a0000000, 0x00000000a7980000, 0x00000000e0000000)
  object space 124416K, 77% used [0x00000000a0000000,0x00000000a5de1d48,0x00000000a7980000)
 Metaspace       used 90290K, capacity 94856K, committed 95192K, reserved 1132544K
  class space    used 11599K, capacity 12449K, committed 12544K, reserved 1048576K
}
Event: 3971.770 GC heap before
{Heap before GC invocations=26 (full 3):
 PSYoungGen      total 211968K, used 210939K [0x00000000e0000000, 0x00000000f0700000, 0x0000000100000000)
  eden space 167424K, 100% used [0x00000000e0000000,0x00000000ea380000,0x00000000ea380000)
  from space 44544K, 97% used [0x00000000ed500000,0x00000000eff7edf8,0x00000000f0080000)
  to   space 50688K, 0% used [0x00000000ea380000,0x00000000ea380000,0x00000000ed500000)
 ParOldGen       total 124416K, used 96135K [0x00000000a0000000, 0x00000000a7980000, 0x00000000e0000000)
  object space 124416K, 77% used [0x00000000a0000000,0x00000000a5de1d48,0x00000000a7980000)
 Metaspace       used 90426K, capacity 94932K, committed 95192K, reserved 1132544K
  class space    used 11599K, capacity 12449K, committed 12544K, reserved 1048576K
Event: 3971.831 GC heap after
Heap after GC invocations=26 (full 3):
 PSYoungGen      total 182272K, used 20099K [0x00000000e0000000, 0x00000000efc00000, 0x0000000100000000)
  eden space 161792K, 0% used [0x00000000e0000000,0x00000000e0000000,0x00000000e9e00000)
  from space 20480K, 98% used [0x00000000ea380000,0x00000000eb720d98,0x00000000eb780000)
  to   space 48128K, 0% used [0x00000000ecd00000,0x00000000ecd00000,0x00000000efc00000)
 ParOldGen       total 124416K, used 96143K [0x00000000a0000000, 0x00000000a7980000, 0x00000000e0000000)
  object space 124416K, 77% used [0x00000000a0000000,0x00000000a5de3d48,0x00000000a7980000)
 Metaspace       used 90426K, capacity 94932K, committed 95192K, reserved 1132544K
  class space    used 11599K, capacity 12449K, committed 12544K, reserved 1048576K
}
Event: 4457.895 GC heap before
{Heap before GC invocations=27 (full 3):
 PSYoungGen      total 182272K, used 181891K [0x00000000e0000000, 0x00000000efc00000, 0x0000000100000000)
  eden space 161792K, 100% used [0x00000000e0000000,0x00000000e9e00000,0x00000000e9e00000)
  from space 20480K, 98% used [0x00000000ea380000,0x00000000eb720d98,0x00000000eb780000)
  to   space 48128K, 0% used [0x00000000ecd00000,0x00000000ecd00000,0x00000000efc00000)
 ParOldGen       total 124416K, used 96143K [0x00000000a0000000, 0x00000000a7980000, 0x00000000e0000000)
  object space 124416K, 77% used [0x00000000a0000000,0x00000000a5de3d48,0x00000000a7980000)
 Metaspace       used 90487K, capacity 95060K, committed 95192K, reserved 1132544K
  class space    used 11599K, capacity 12449K, committed 12544K, reserved 1048576K
Event: 4457.966 GC heap after
Heap after GC invocations=27 (full 3):
 PSYoungGen      total 197632K, used 16261K [0x00000000e0000000, 0x00000000ef500000, 0x0000000100000000)
  eden space 156672K, 0% used [0x00000000e0000000,0x00000000e0000000,0x00000000e9900000)
  from space 40960K, 39% used [0x00000000ecd00000,0x00000000edce1700,0x00000000ef500000)
  to   space 47104K, 0% used [0x00000000e9900000,0x00000000e9900000,0x00000000ec700000)
 ParOldGen       total 124416K, used 96151K [0x00000000a0000000, 0x00000000a7980000, 0x00000000e0000000)
  object space 124416K, 77% used [0x00000000a0000000,0x00000000a5de5d48,0x00000000a7980000)
 Metaspace       used 90487K, capacity 95060K, committed 95192K, reserved 1132544K
  class space    used 11599K, capacity 12449K, committed 12544K, reserved 1048576K
}
Event: 4468.127 GC heap before
{Heap before GC invocations=28 (full 3):
 PSYoungGen      total 197632K, used 171464K [0x00000000e0000000, 0x00000000ef500000, 0x0000000100000000)
  eden space 156672K, 99% used [0x00000000e0000000,0x00000000e9790ad0,0x00000000e9900000)
  from space 40960K, 39% used [0x00000000ecd00000,0x00000000edce1700,0x00000000ef500000)
  to   space 47104K, 0% used [0x00000000e9900000,0x00000000e9900000,0x00000000ec700000)
 ParOldGen       total 124416K, used 96151K [0x00000000a0000000, 0x00000000a7980000, 0x00000000e0000000)
  object space 124416K, 77% used [0x00000000a0000000,0x00000000a5de5d48,0x00000000a7980000)
 Metaspace       used 90616K, capacity 95192K, committed 95448K, reserved 1132544K
  class space    used 11600K, capacity 12449K, committed 12544K, reserved 1048576K
Event: 4468.269 GC heap after
Heap after GC invocations=28 (full 3):
 PSYoungGen      total 198656K, used 43621K [0x00000000e0000000, 0x00000000efa00000, 0x0000000100000000)
  eden space 151552K, 0% used [0x00000000e0000000,0x00000000e0000000,0x00000000e9400000)
  from space 47104K, 92% used [0x00000000e9900000,0x00000000ec3997b0,0x00000000ec700000)
  to   space 52224K, 0% used [0x00000000ec700000,0x00000000ec700000,0x00000000efa00000)
 ParOldGen       total 124416K, used 96159K [0x00000000a0000000, 0x00000000a7980000, 0x00000000e0000000)
  object space 124416K, 77% used [0x00000000a0000000,0x00000000a5de7d48,0x00000000a7980000)
 Metaspace       used 90616K, capacity 95192K, committed 95448K, reserved 1132544K
  class space    used 11600K, capacity 12449K, committed 12544K, reserved 1048576K
}
Event: 4735.814 GC heap before
{Heap before GC invocations=29 (full 3):
 PSYoungGen      total 198656K, used 195173K [0x00000000e0000000, 0x00000000efa00000, 0x0000000100000000)
  eden space 151552K, 100% used [0x00000000e0000000,0x00000000e9400000,0x00000000e9400000)
  from space 47104K, 92% used [0x00000000e9900000,0x00000000ec3997b0,0x00000000ec700000)
  to   space 52224K, 0% used [0x00000000ec700000,0x00000000ec700000,0x00000000efa00000)
 ParOldGen       total 124416K, used 96159K [0x00000000a0000000, 0x00000000a7980000, 0x00000000e0000000)
  object space 124416K, 77% used [0x00000000a0000000,0x00000000a5de7d48,0x00000000a7980000)
 Metaspace       used 91731K, capacity 97462K, committed 97496K, reserved 1134592K
  class space    used 11796K, capacity 12774K, committed 12800K, reserved 1048576K

Deoptimization events (10 events):
Event: 4558.416 Thread 0x000000001a22d800 Uncommon trap: reason=bimorphic action=maybe_recompile pc=0x00000000045e4e5c method=org.gradle.internal.logging.text.AbstractStyledTextOutput.text(Ljava/lang/Object;)Lorg/gradle/internal/logging/text/StyledTextOutput; @ 11
Event: 4593.285 Thread 0x000000001a22d800 Uncommon trap: reason=class_check action=maybe_recompile pc=0x00000000039ea440 method=java.lang.Throwable.<init>(Ljava/lang/String;Ljava/lang/Throwable;)V @ 24
Event: 4593.301 Thread 0x000000001a22d800 Uncommon trap: reason=bimorphic action=maybe_recompile pc=0x00000000045e4e5c method=org.gradle.internal.logging.text.AbstractStyledTextOutput.text(Ljava/lang/Object;)Lorg/gradle/internal/logging/text/StyledTextOutput; @ 11
Event: 4634.525 Thread 0x000000001a22d800 Uncommon trap: reason=unstable_if action=reinterpret pc=0x00000000053744ac method=java.util.regex.Pattern.range(Ljava/util/regex/Pattern$BitClass;)Ljava/util/regex/Pattern$CharProperty; @ 19
Event: 4634.631 Thread 0x000000001a22d800 Uncommon trap: reason=unstable_if action=reinterpret pc=0x0000000006a55f08 method=org.gradle.api.internal.AbstractTask.compareTo(Lorg/gradle/api/Task;)I @ 17
Event: 4634.914 Thread 0x000000001a22d800 Uncommon trap: reason=unloaded action=reinterpret pc=0x0000000006be3a00 method=org.gradle.util.GUtil.uncheckedCall(Ljava/util/concurrent/Callable;)Ljava/lang/Object; @ 9
Event: 4634.914 Thread 0x000000001a22d800 Uncommon trap: reason=class_check action=maybe_recompile pc=0x00000000039ea440 method=java.lang.Throwable.<init>(Ljava/lang/String;Ljava/lang/Throwable;)V @ 24
Event: 4634.932 Thread 0x000000001a22d800 Uncommon trap: reason=bimorphic action=maybe_recompile pc=0x00000000045e4e5c method=org.gradle.internal.logging.text.AbstractStyledTextOutput.text(Ljava/lang/Object;)Lorg/gradle/internal/logging/text/StyledTextOutput; @ 11
Event: 4657.764 Thread 0x000000001a22d800 Uncommon trap: reason=unloaded action=reinterpret pc=0x0000000006a22658 method=org.gradle.cache.internal.LockOnDemandCrossProcessCacheAccess.incrementLockCount()V @ 109
Event: 4657.768 Thread 0x000000001a22d800 Uncommon trap: reason=unstable_if action=reinterpret pc=0x0000000006696ee8 method=org.gradle.cache.internal.filelock.DefaultLockStateSerializer$SequenceNumberLockState.isInInitialState()Z @ 6

Classes redefined (0 events):
No events

Internal exceptions (10 events):
Event: 4545.120 Thread 0x000000001a22d800 Exception <a 'java/io/FileNotFoundException'> (0x00000000e30de4c8) thrown at [D:\src\AOSP-openjdk-cygwin\jdk8u\hotspot\src\share\vm\prims\jni.cpp, line 710]
Event: 4546.752 Thread 0x000000001a22f000 Exception <a 'java/lang/NoSuchMethodError': <clinit>> (0x00000000e2eb9858) thrown at [D:\src\AOSP-openjdk-cygwin\jdk8u\hotspot\src\share\vm\prims\jni.cpp, line 1614]
Event: 4546.755 Thread 0x000000001a22f000 Exception <a 'java/lang/NoSuchMethodError': <clinit>> (0x00000000e327acb8) thrown at [D:\src\AOSP-openjdk-cygwin\jdk8u\hotspot\src\share\vm\prims\jni.cpp, line 1614]
Event: 4546.772 Thread 0x000000001a22d800 Exception <a 'sun/nio/fs/WindowsException'> (0x00000000e32af360) thrown at [D:\src\AOSP-openjdk-cygwin\jdk8u\hotspot\src\share\vm\prims\jni.cpp, line 710]
Event: 4557.789 Thread 0x000000001a22d800 Exception <a 'java/io/FileNotFoundException'> (0x00000000e45b2770) thrown at [D:\src\AOSP-openjdk-cygwin\jdk8u\hotspot\src\share\vm\prims\jni.cpp, line 710]
Event: 4558.415 Thread 0x000000001a22d800 Exception <a 'sun/nio/fs/WindowsException'> (0x00000000e46d4730) thrown at [D:\src\AOSP-openjdk-cygwin\jdk8u\hotspot\src\share\vm\prims\jni.cpp, line 710]
Event: 4593.300 Thread 0x000000001a22d800 Exception <a 'sun/nio/fs/WindowsException'> (0x00000000e5b6ee18) thrown at [D:\src\AOSP-openjdk-cygwin\jdk8u\hotspot\src\share\vm\prims\jni.cpp, line 710]
Event: 4634.931 Thread 0x000000001a22d800 Exception <a 'sun/nio/fs/WindowsException'> (0x00000000e6fcea20) thrown at [D:\src\AOSP-openjdk-cygwin\jdk8u\hotspot\src\share\vm\prims\jni.cpp, line 710]
Event: 4657.963 Thread 0x000000001a22d800 Exception <a 'sun/nio/fs/WindowsException'> (0x00000000e80e2540) thrown at [D:\src\AOSP-openjdk-cygwin\jdk8u\hotspot\src\share\vm\prims\jni.cpp, line 710]
Event: 4733.992 Thread 0x000000001d624800 Exception <a 'java/io/FileNotFoundException'> (0x00000000e93b4320) thrown at [D:\src\AOSP-openjdk-cygwin\jdk8u\hotspot\src\share\vm\prims\jni.cpp, line 710]

Events (10 events):
Event: 4733.116 Thread 0x000000001d620000 Thread added: 0x000000001d620000
Event: 4733.116 Thread 0x000000001d627800 Thread added: 0x000000001d627800
Event: 4733.116 Thread 0x000000001d628000 Thread added: 0x000000001d628000
Event: 4733.116 Thread 0x000000001d629000 Thread added: 0x000000001d629000
Event: 4733.130 Executing VM operation: RevokeBias
Event: 4733.131 Executing VM operation: RevokeBias done
Event: 4733.665 Thread 0x000000001d629800 Thread added: 0x000000001d629800
Event: 4734.005 Thread 0x000000001d624800 DEOPT PACKING pc=0x0000000005ee2d97 sp=0x000000004475a660
Event: 4734.005 Thread 0x000000001d624800 DEOPT UNPACKING pc=0x00000000035475d0 sp=0x000000004475a3b0 mode 0
Event: 4735.813 Executing VM operation: ParallelGCFailedAllocation


Dynamic libraries:
0x00007ff693d90000 - 0x00007ff693dc1000 	D:\zhuke\Android Studio3.2\jre\bin\java.exe
0x00007ffb38e20000 - 0x00007ffb39001000 	C:\WINDOWS\SYSTEM32\ntdll.dll
0x00007ffb38320000 - 0x00007ffb383d1000 	C:\WINDOWS\System32\KERNEL32.DLL
0x00007ffb35f70000 - 0x00007ffb361e3000 	C:\WINDOWS\System32\KERNELBASE.dll
0x00007ffb385e0000 - 0x00007ffb38681000 	C:\WINDOWS\System32\ADVAPI32.dll
0x00007ffb364e0000 - 0x00007ffb3657e000 	C:\WINDOWS\System32\msvcrt.dll
0x00007ffb36320000 - 0x00007ffb3637b000 	C:\WINDOWS\System32\sechost.dll
0x00007ffb384b0000 - 0x00007ffb385d4000 	C:\WINDOWS\System32\RPCRT4.dll
0x00007ffb38690000 - 0x00007ffb38821000 	C:\WINDOWS\System32\USER32.dll
0x00007ffb35b60000 - 0x00007ffb35b80000 	C:\WINDOWS\System32\win32u.dll
0x00007ffb36290000 - 0x00007ffb362b8000 	C:\WINDOWS\System32\GDI32.dll
0x00007ffb35be0000 - 0x00007ffb35d71000 	C:\WINDOWS\System32\gdi32full.dll
0x00007ffb361f0000 - 0x00007ffb3628f000 	C:\WINDOWS\System32\msvcp_win.dll
0x00007ffb35300000 - 0x00007ffb353f8000 	C:\WINDOWS\System32\ucrtbase.dll
0x00007ffb26d50000 - 0x00007ffb26fb9000 	C:\WINDOWS\WinSxS\amd64_microsoft.windows.common-controls_6595b64144ccf1df_6.0.17134.1098_none_d4048e017c8c2390\COMCTL32.dll
0x00007ffb38ac0000 - 0x00007ffb38de1000 	C:\WINDOWS\System32\combase.dll
0x00007ffb351d0000 - 0x00007ffb35249000 	C:\WINDOWS\System32\bcryptPrimitives.dll
0x00007ffb36580000 - 0x00007ffb365ad000 	C:\WINDOWS\System32\IMM32.DLL
0x0000000064ce0000 - 0x0000000064db2000 	D:\zhuke\Android Studio3.2\jre\jre\bin\msvcr100.dll
0x0000000063e70000 - 0x00000000646b6000 	D:\zhuke\Android Studio3.2\jre\jre\bin\server\jvm.dll
0x00007ffb369b0000 - 0x00007ffb369b8000 	C:\WINDOWS\System32\PSAPI.DLL
0x00007ffb31a10000 - 0x00007ffb31a19000 	C:\WINDOWS\SYSTEM32\WSOCK32.dll
0x00007ffb38440000 - 0x00007ffb384ac000 	C:\WINDOWS\System32\WS2_32.dll
0x00007ffb32c60000 - 0x00007ffb32c83000 	C:\WINDOWS\SYSTEM32\WINMM.dll
0x00007ffb2a640000 - 0x00007ffb2a64a000 	C:\WINDOWS\SYSTEM32\VERSION.dll
0x00007ffb32c30000 - 0x00007ffb32c5a000 	C:\WINDOWS\SYSTEM32\WINMMBASE.dll
0x00007ffb35400000 - 0x00007ffb35449000 	C:\WINDOWS\System32\cfgmgr32.dll
0x00007ffb2ea40000 - 0x00007ffb2ea4f000 	D:\zhuke\Android Studio3.2\jre\jre\bin\verify.dll
0x00007ffb28f90000 - 0x00007ffb28fb9000 	D:\zhuke\Android Studio3.2\jre\jre\bin\java.dll
0x00007ffb2b570000 - 0x00007ffb2b586000 	D:\zhuke\Android Studio3.2\jre\jre\bin\zip.dll
0x00007ffb36e10000 - 0x00007ffb38255000 	C:\WINDOWS\System32\SHELL32.dll
0x00007ffb38270000 - 0x00007ffb38319000 	C:\WINDOWS\System32\shcore.dll
0x00007ffb35450000 - 0x00007ffb35b60000 	C:\WINDOWS\System32\windows.storage.dll
0x00007ffb362c0000 - 0x00007ffb36311000 	C:\WINDOWS\System32\shlwapi.dll
0x00007ffb351b0000 - 0x00007ffb351c1000 	C:\WINDOWS\System32\kernel.appcore.dll
0x00007ffb35190000 - 0x00007ffb351af000 	C:\WINDOWS\System32\profapi.dll
0x00007ffb35120000 - 0x00007ffb3516c000 	C:\WINDOWS\System32\powrprof.dll
0x00007ffb35110000 - 0x00007ffb3511a000 	C:\WINDOWS\System32\FLTLIB.DLL
0x00007ffb2b430000 - 0x00007ffb2b44a000 	D:\zhuke\Android Studio3.2\jre\jre\bin\net.dll
0x00007ffb34970000 - 0x00007ffb349d6000 	C:\WINDOWS\system32\mswsock.dll
0x00007ffb28f70000 - 0x00007ffb28f81000 	D:\zhuke\Android Studio3.2\jre\jre\bin\nio.dll
0x00007ffb274d0000 - 0x00007ffb274f6000 	C:\Users\Administrator\.gradle\native\29\windows-amd64\native-platform.dll
0x00007ffb2ea20000 - 0x00007ffb2ea2d000 	D:\zhuke\Android Studio3.2\jre\jre\bin\management.dll
0x00007ffb34b30000 - 0x00007ffb34b47000 	C:\WINDOWS\SYSTEM32\CRYPTSP.dll
0x00007ffb34520000 - 0x00007ffb34553000 	C:\WINDOWS\system32\rsaenh.dll
0x00007ffb34c50000 - 0x00007ffb34c75000 	C:\WINDOWS\SYSTEM32\bcrypt.dll
0x00007ffb35010000 - 0x00007ffb35038000 	C:\WINDOWS\SYSTEM32\USERENV.dll
0x00007ffb34b20000 - 0x00007ffb34b2b000 	C:\WINDOWS\SYSTEM32\CRYPTBASE.dll
0x00007ffb346c0000 - 0x00007ffb346f8000 	C:\WINDOWS\SYSTEM32\IPHLPAPI.DLL
0x00007ffb36750000 - 0x00007ffb36758000 	C:\WINDOWS\System32\NSI.dll
0x00007ffb2b280000 - 0x00007ffb2b296000 	C:\WINDOWS\SYSTEM32\dhcpcsvc6.DLL
0x00007ffb2b260000 - 0x00007ffb2b27a000 	C:\WINDOWS\SYSTEM32\dhcpcsvc.DLL
0x00007ffb1a930000 - 0x00007ffb1aaf9000 	C:\WINDOWS\SYSTEM32\dbghelp.dll

VM Arguments:
jvm_args: -Xmx1536m -Dfile.encoding=GBK -Duser.country=CN -Duser.language=zh -Duser.variant 
java_command: org.gradle.launcher.daemon.bootstrap.GradleDaemon 5.4.1
java_class_path (initial): C:\Users\Administrator\.gradle\wrapper\dists\gradle-5.4.1-all\3221gyojl5jsh0helicew7rwx\gradle-5.4.1\lib\gradle-launcher-5.4.1.jar
Launcher Type: SUN_STANDARD

Environment Variables:
JAVA_HOME=D:\zhuke\dev\1.8\1.8\1.8
PATH=D:\zhuke\XShell\soft\;C:\WINDOWS\system32;C:\WINDOWS;C:\WINDOWS\System32\Wbem;D:\zhuke\dev\1.8\1.8\1.8\bin;C:\Program Files\TortoiseGit\bin;D:\zhuke\dev\Android\Sdk\platform-tools;C:\Program Files\Git\cmd;C:\WINDOWS\System32\WindowsPowerShell\v1.0\;C:\WINDOWS\System32\OpenSSH\;D:\zhuke\dev\Android\Sdk\ndk-bundle;C:\Users\Administrator\AppData\Local\Microsoft\WindowsApps;D:\zhuke\dev\flutter\flutter_windows_v1.2.1-stable\flutter\bin;
USERNAME=Administrator
OS=Windows_NT
PROCESSOR_IDENTIFIER=Intel64 Family 6 Model 142 Stepping 9, GenuineIntel



---------------  S Y S T E M  ---------------

OS: Windows 10.0 , 64 bit Build 17134 (10.0.17134.753)

CPU:total 4 (initial active 4) (2 cores per cpu, 2 threads per core) family 6 model 142 stepping 9, cmov, cx8, fxsr, mmx, sse, sse2, sse3, ssse3, sse4.1, sse4.2, popcnt, avx, avx2, aes, clmul, erms, 3dnowpref, lzcnt, ht, tsc, tscinvbit, bmi1, bmi2, adx

Memory: 4k page, physical 8243508k(931736k free), swap 16835332k(2587252k free)

vm_info: OpenJDK 64-Bit Server VM (25.202-b03) for windows-amd64 JRE (1.8.0_202-release-1483-b03), built by "builder" with MS VC++ 10.0 (VS2010)

time: Sun May 10 16:29:11 2020
timezone: 中国标准时间
elapsed time: 4736 seconds (0d 1h 18m 56s)

